<?xml version="1.0" encoding="UTF-8"?>
<!-- Generated by org.testng.reporters.JUnitReportReporter -->
<testsuite hostname="LAPTOP-K3UCF91B" failures="0" tests="2" name="com.qa.practice.datadriven.dataDrivenTest" time="3.569" errors="0" timestamp="2023-06-22T10:21:42 GMT-05:00" skipped="0">
  <testcase classname="com.qa.practice.datadriven.dataDrivenTest" name="login" time="1.578"/>
  <system-out/>
  <testcase classname="com.qa.practice.datadriven.dataDrivenTest" name="login" time="1.991"/>
  <system-out/>
</testsuite> <!-- com.qa.practice.datadriven.dataDrivenTest -->
